#
# There is insufficient memory for the Java Runtime Environment to continue.
# Native memory allocation (mmap) failed to map 715849728 bytes for committing reserved memory.
# Possible reasons:
#   The system is out of physical RAM or swap space
#   The process is running with CompressedOops enabled, and the Java Heap may be blocking the growth of the native heap
# Possible solutions:
#   Reduce memory load on the system
#   Increase physical memory or swap space
#   Check if swap backing store is full
#   Decrease Java heap size (-Xmx/-Xms)
#   Decrease number of Java threads
#   Decrease Java thread stack sizes (-Xss)
#   Set larger code cache with -XX:ReservedCodeCacheSize=
# This output file may be truncated or incomplete.
#
#  Out of Memory Error (os_linux.cpp:2922), pid=19236, tid=19237
#
# JRE version:  (11.0.9+11) (build )
# Java VM: OpenJDK 64-Bit Server VM (11.0.9+11-post-Debian-1deb10u1, mixed mode, sharing, tiered, compressed oops, serial gc, linux-amd64)
# No core dump will be written. Core dumps have been disabled. To enable core dumping, try "ulimit -c unlimited" before starting Java again
#

---------------  S U M M A R Y ------------

Command Line: -Xmx2048M -Xms1024M server.jar nogui

Host: Intel(R) Xeon(R) Platinum 8163 CPU @ 2.50GHz, 1 cores, 1G, Debian GNU/Linux 10 (buster)
Time: Fri Feb 12 12:39:34 2021 CST elapsed time: 0.033388 seconds (0d 0h 0m 0s)

---------------  T H R E A D  ---------------

Current thread (0x00007fba94015000):  JavaThread "Unknown thread" [_thread_in_vm, id=19237, stack(0x00007fba9a26f000,0x00007fba9a370000)]

Stack: [0x00007fba9a26f000,0x00007fba9a370000],  sp=0x00007fba9a36e2f0,  free space=1020k
Native frames: (J=compiled Java code, A=aot compiled Java code, j=interpreted, Vv=VM code, C=native code)
V  [libjvm.so+0xd45c9a]
V  [libjvm.so+0xd4695b]
V  [libjvm.so+0x6279b5]
V  [libjvm.so+0xb4d69a]
V  [libjvm.so+0xb43e6f]
V  [libjvm.so+0xd3e0bb]
V  [libjvm.so+0x78bb91]
V  [libjvm.so+0x509039]
V  [libjvm.so+0xcd6f6b]
V  [libjvm.so+0x78c5fc]
V  [libjvm.so+0x778109]
V  [libjvm.so+0xd08632]
V  [libjvm.so+0xd088c6]
V  [libjvm.so+0x7e0777]
V  [libjvm.so+0xce212a]
V  [libjvm.so+0x884821]  JNI_CreateJavaVM+0x51
C  [libjli.so+0x4868]
C  [libjli.so+0x95cd]


---------------  P R O C E S S  ---------------

Threads class SMR info:
_java_thread_list=0x0000556cf6e08080, length=0, elements={
}

Java Threads: ( => current thread )

Other Threads:

=>0x00007fba94015000 (exited) JavaThread "Unknown thread" [_thread_in_vm, id=19237, stack(0x00007fba9a26f000,0x00007fba9a370000)]

Threads with active compile tasks:

VM state:not at safepoint (not fully initialized)

VM Mutex/Monitor currently owned by a thread: None

Heap address: 0x0000000080000000, size: 2048 MB, Compressed Oops mode: Non-zero based: 0x0000000080000000
Narrow klass base: 0x0000000000000000, Narrow klass shift: 0

GC Heap History (0 events):
No events

Deoptimization events (0 events):
No events

Classes redefined (0 events):
No events

Internal exceptions (0 events):
No events

Events (2 events):
Event: 0.017 Protecting memory [0x00007fba9a26f000,0x00007fba9a273000] with protection modes 0
Event: 0.020 Loaded shared library /usr/lib/jvm/java-11-openjdk-amd64/lib/libzip.so


Dynamic libraries:
80000000-95550000 rw-p 00000000 00:00 0 
95550000-aaaa0000 ---p 00000000 00:00 0 
d5550000-100000000 ---p 00000000 00:00 0 
556cf5a2d000-556cf5a2e000 r--p 00000000 fe:01 1317522                    /usr/lib/jvm/java-11-openjdk-amd64/bin/java
556cf5a2e000-556cf5a2f000 r-xp 00001000 fe:01 1317522                    /usr/lib/jvm/java-11-openjdk-amd64/bin/java
556cf5a2f000-556cf5a30000 r--p 00002000 fe:01 1317522                    /usr/lib/jvm/java-11-openjdk-amd64/bin/java
556cf5a30000-556cf5a31000 r--p 00002000 fe:01 1317522                    /usr/lib/jvm/java-11-openjdk-amd64/bin/java
556cf5a31000-556cf5a32000 rw-p 00003000 fe:01 1317522                    /usr/lib/jvm/java-11-openjdk-amd64/bin/java
556cf6df0000-556cf6e11000 rw-p 00000000 00:00 0                          [heap]
7fba7c899000-7fba7cb09000 rwxp 00000000 00:00 0 
7fba7cb09000-7fba7ce28000 ---p 00000000 00:00 0 
7fba7ce28000-7fba7d098000 rwxp 00000000 00:00 0 
7fba7d098000-7fba84360000 ---p 00000000 00:00 0 
7fba84360000-7fba845d0000 rwxp 00000000 00:00 0 
7fba845d0000-7fba8b899000 ---p 00000000 00:00 0 
7fba8b899000-7fba94000000 r--s 00000000 fe:01 1317685                    /usr/lib/jvm/java-11-openjdk-amd64/lib/modules
7fba94000000-7fba94033000 rw-p 00000000 00:00 0 
7fba94033000-7fba98000000 ---p 00000000 00:00 0 
7fba99c14000-7fba99cbf000 rw-p 00000000 00:00 0 
7fba99cbf000-7fba9a014000 ---p 00000000 00:00 0 
7fba9a014000-7fba9a01a000 rw-p 00000000 00:00 0 
7fba9a01a000-7fba9a100000 ---p 00000000 00:00 0 
7fba9a100000-7fba9a105000 rw-p 00000000 00:00 0 
7fba9a105000-7fba9a1eb000 ---p 00000000 00:00 0 
7fba9a1eb000-7fba9a1f0000 rw-p 00000000 00:00 0 
7fba9a1f0000-7fba9a1f7000 ---p 00000000 00:00 0 
7fba9a1f7000-7fba9a1f9000 r--p 00000000 fe:01 1317684                    /usr/lib/jvm/java-11-openjdk-amd64/lib/libzip.so
7fba9a1f9000-7fba9a1fd000 r-xp 00002000 fe:01 1317684                    /usr/lib/jvm/java-11-openjdk-amd64/lib/libzip.so
7fba9a1fd000-7fba9a1ff000 r--p 00006000 fe:01 1317684                    /usr/lib/jvm/java-11-openjdk-amd64/lib/libzip.so
7fba9a1ff000-7fba9a200000 r--p 00007000 fe:01 1317684                    /usr/lib/jvm/java-11-openjdk-amd64/lib/libzip.so
7fba9a200000-7fba9a201000 rw-p 00008000 fe:01 1317684                    /usr/lib/jvm/java-11-openjdk-amd64/lib/libzip.so
7fba9a201000-7fba9a204000 r--p 00000000 fe:01 787081                     /usr/lib/x86_64-linux-gnu/libnss_files-2.28.so
7fba9a204000-7fba9a20b000 r-xp 00003000 fe:01 787081                     /usr/lib/x86_64-linux-gnu/libnss_files-2.28.so
7fba9a20b000-7fba9a20d000 r--p 0000a000 fe:01 787081                     /usr/lib/x86_64-linux-gnu/libnss_files-2.28.so
7fba9a20d000-7fba9a20e000 ---p 0000c000 fe:01 787081                     /usr/lib/x86_64-linux-gnu/libnss_files-2.28.so
7fba9a20e000-7fba9a20f000 r--p 0000c000 fe:01 787081                     /usr/lib/x86_64-linux-gnu/libnss_files-2.28.so
7fba9a20f000-7fba9a210000 rw-p 0000d000 fe:01 787081                     /usr/lib/x86_64-linux-gnu/libnss_files-2.28.so
7fba9a210000-7fba9a216000 rw-p 00000000 00:00 0 
7fba9a216000-7fba9a21e000 rw-s 00000000 fe:01 262171                     /tmp/hsperfdata_root/19236
7fba9a21e000-7fba9a220000 r--p 00000000 fe:01 1317667                    /usr/lib/jvm/java-11-openjdk-amd64/lib/libjimage.so
7fba9a220000-7fba9a223000 r-xp 00002000 fe:01 1317667                    /usr/lib/jvm/java-11-openjdk-amd64/lib/libjimage.so
7fba9a223000-7fba9a225000 r--p 00005000 fe:01 1317667                    /usr/lib/jvm/java-11-openjdk-amd64/lib/libjimage.so
7fba9a225000-7fba9a226000 r--p 00006000 fe:01 1317667                    /usr/lib/jvm/java-11-openjdk-amd64/lib/libjimage.so
7fba9a226000-7fba9a227000 rw-p 00007000 fe:01 1317667                    /usr/lib/jvm/java-11-openjdk-amd64/lib/libjimage.so
7fba9a227000-7fba9a235000 r--p 00000000 fe:01 1317663                    /usr/lib/jvm/java-11-openjdk-amd64/lib/libjava.so
7fba9a235000-7fba9a24a000 r-xp 0000e000 fe:01 1317663                    /usr/lib/jvm/java-11-openjdk-amd64/lib/libjava.so
7fba9a24a000-7fba9a251000 r--p 00023000 fe:01 1317663                    /usr/lib/jvm/java-11-openjdk-amd64/lib/libjava.so
7fba9a251000-7fba9a252000 r--p 00029000 fe:01 1317663                    /usr/lib/jvm/java-11-openjdk-amd64/lib/libjava.so
7fba9a252000-7fba9a253000 rw-p 0002a000 fe:01 1317663                    /usr/lib/jvm/java-11-openjdk-amd64/lib/libjava.so
7fba9a253000-7fba9a254000 rw-p 00000000 00:00 0 
7fba9a254000-7fba9a259000 r--p 00000000 fe:01 1317683                    /usr/lib/jvm/java-11-openjdk-amd64/lib/libverify.so
7fba9a259000-7fba9a260000 r-xp 00005000 fe:01 1317683                    /usr/lib/jvm/java-11-openjdk-amd64/lib/libverify.so
7fba9a260000-7fba9a262000 r--p 0000c000 fe:01 1317683                    /usr/lib/jvm/java-11-openjdk-amd64/lib/libverify.so
7fba9a262000-7fba9a264000 r--p 0000d000 fe:01 1317683                    /usr/lib/jvm/java-11-openjdk-amd64/lib/libverify.so
7fba9a264000-7fba9a265000 rw-p 0000f000 fe:01 1317683                    /usr/lib/jvm/java-11-openjdk-amd64/lib/libverify.so
7fba9a265000-7fba9a267000 r--p 00000000 fe:01 787089                     /usr/lib/x86_64-linux-gnu/librt-2.28.so
7fba9a267000-7fba9a26b000 r-xp 00002000 fe:01 787089                     /usr/lib/x86_64-linux-gnu/librt-2.28.so
7fba9a26b000-7fba9a26d000 r--p 00006000 fe:01 787089                     /usr/lib/x86_64-linux-gnu/librt-2.28.so
7fba9a26d000-7fba9a26e000 r--p 00007000 fe:01 787089                     /usr/lib/x86_64-linux-gnu/librt-2.28.so
7fba9a26e000-7fba9a26f000 rw-p 00008000 fe:01 787089                     /usr/lib/x86_64-linux-gnu/librt-2.28.so
7fba9a26f000-7fba9a273000 ---p 00000000 00:00 0 
7fba9a273000-7fba9a370000 rw-p 00000000 00:00 0 
7fba9a370000-7fba9a373000 r--p 00000000 fe:01 786453                     /usr/lib/x86_64-linux-gnu/libgcc_s.so.1
7fba9a373000-7fba9a384000 r-xp 00003000 fe:01 786453                     /usr/lib/x86_64-linux-gnu/libgcc_s.so.1
7fba9a384000-7fba9a387000 r--p 00014000 fe:01 786453                     /usr/lib/x86_64-linux-gnu/libgcc_s.so.1
7fba9a387000-7fba9a388000 ---p 00017000 fe:01 786453                     /usr/lib/x86_64-linux-gnu/libgcc_s.so.1
7fba9a388000-7fba9a389000 r--p 00017000 fe:01 786453                     /usr/lib/x86_64-linux-gnu/libgcc_s.so.1
7fba9a389000-7fba9a38a000 rw-p 00018000 fe:01 786453                     /usr/lib/x86_64-linux-gnu/libgcc_s.so.1
7fba9a38a000-7fba9a397000 r--p 00000000 fe:01 787072                     /usr/lib/x86_64-linux-gnu/libm-2.28.so
7fba9a397000-7fba9a436000 r-xp 0000d000 fe:01 787072                     /usr/lib/x86_64-linux-gnu/libm-2.28.so
7fba9a436000-7fba9a50b000 r--p 000ac000 fe:01 787072                     /usr/lib/x86_64-linux-gnu/libm-2.28.so
7fba9a50b000-7fba9a50c000 r--p 00180000 fe:01 787072                     /usr/lib/x86_64-linux-gnu/libm-2.28.so
7fba9a50c000-7fba9a50d000 rw-p 00181000 fe:01 787072                     /usr/lib/x86_64-linux-gnu/libm-2.28.so
7fba9a50d000-7fba9a596000 r--p 00000000 fe:01 789763                     /usr/lib/x86_64-linux-gnu/libstdc++.so.6.0.25
7fba9a596000-7fba9a642000 r-xp 00089000 fe:01 789763                     /usr/lib/x86_64-linux-gnu/libstdc++.so.6.0.25
7fba9a642000-7fba9a680000 r--p 00135000 fe:01 789763                     /usr/lib/x86_64-linux-gnu/libstdc++.so.6.0.25
7fba9a680000-7fba9a681000 ---p 00173000 fe:01 789763                     /usr/lib/x86_64-linux-gnu/libstdc++.so.6.0.25
7fba9a681000-7fba9a68b000 r--p 00173000 fe:01 789763                     /usr/lib/x86_64-linux-gnu/libstdc++.so.6.0.25
7fba9a68b000-7fba9a68d000 rw-p 0017d000 fe:01 789763                     /usr/lib/x86_64-linux-gnu/libstdc++.so.6.0.25
7fba9a68d000-7fba9a691000 rw-p 00000000 00:00 0 
7fba9a691000-7fba9a8fe000 r--p 00000000 fe:01 1317690                    /usr/lib/jvm/java-11-openjdk-amd64/lib/server/libjvm.so
7fba9a8fe000-7fba9b44b000 r-xp 0026d000 fe:01 1317690                    /usr/lib/jvm/java-11-openjdk-amd64/lib/server/libjvm.so
7fba9b44b000-7fba9b685000 r--p 00dba000 fe:01 1317690                    /usr/lib/jvm/java-11-openjdk-amd64/lib/server/libjvm.so
7fba9b685000-7fba9b742000 r--p 00ff3000 fe:01 1317690                    /usr/lib/jvm/java-11-openjdk-amd64/lib/server/libjvm.so
7fba9b742000-7fba9b77b000 rw-p 010b0000 fe:01 1317690                    /usr/lib/jvm/java-11-openjdk-amd64/lib/server/libjvm.so
7fba9b77b000-7fba9b7d4000 rw-p 00000000 00:00 0 
7fba9b7d4000-7fba9b7f6000 r--p 00000000 fe:01 787069                     /usr/lib/x86_64-linux-gnu/libc-2.28.so
7fba9b7f6000-7fba9b93e000 r-xp 00022000 fe:01 787069                     /usr/lib/x86_64-linux-gnu/libc-2.28.so
7fba9b93e000-7fba9b98a000 r--p 0016a000 fe:01 787069                     /usr/lib/x86_64-linux-gnu/libc-2.28.so
7fba9b98a000-7fba9b98b000 ---p 001b6000 fe:01 787069                     /usr/lib/x86_64-linux-gnu/libc-2.28.so
7fba9b98b000-7fba9b98f000 r--p 001b6000 fe:01 787069                     /usr/lib/x86_64-linux-gnu/libc-2.28.so
7fba9b98f000-7fba9b991000 rw-p 001ba000 fe:01 787069                     /usr/lib/x86_64-linux-gnu/libc-2.28.so
7fba9b991000-7fba9b995000 rw-p 00000000 00:00 0 
7fba9b995000-7fba9b996000 r--p 00000000 fe:01 787071                     /usr/lib/x86_64-linux-gnu/libdl-2.28.so
7fba9b996000-7fba9b997000 r-xp 00001000 fe:01 787071                     /usr/lib/x86_64-linux-gnu/libdl-2.28.so
7fba9b997000-7fba9b998000 r--p 00002000 fe:01 787071                     /usr/lib/x86_64-linux-gnu/libdl-2.28.so
7fba9b998000-7fba9b999000 r--p 00002000 fe:01 787071                     /usr/lib/x86_64-linux-gnu/libdl-2.28.so
7fba9b999000-7fba9b99a000 rw-p 00003000 fe:01 787071                     /usr/lib/x86_64-linux-gnu/libdl-2.28.so
7fba9b99a000-7fba9b99d000 r--p 00000000 fe:01 1317647                    /usr/lib/jvm/java-11-openjdk-amd64/lib/jli/libjli.so
7fba9b99d000-7fba9b9a7000 r-xp 00003000 fe:01 1317647                    /usr/lib/jvm/java-11-openjdk-amd64/lib/jli/libjli.so
7fba9b9a7000-7fba9b9aa000 r--p 0000d000 fe:01 1317647                    /usr/lib/jvm/java-11-openjdk-amd64/lib/jli/libjli.so
7fba9b9aa000-7fba9b9ab000 ---p 00010000 fe:01 1317647                    /usr/lib/jvm/java-11-openjdk-amd64/lib/jli/libjli.so
7fba9b9ab000-7fba9b9ac000 r--p 00010000 fe:01 1317647                    /usr/lib/jvm/java-11-openjdk-amd64/lib/jli/libjli.so
7fba9b9ac000-7fba9b9ad000 rw-p 00011000 fe:01 1317647                    /usr/lib/jvm/java-11-openjdk-amd64/lib/jli/libjli.so
7fba9b9ad000-7fba9b9b3000 r--p 00000000 fe:01 787087                     /usr/lib/x86_64-linux-gnu/libpthread-2.28.so
7fba9b9b3000-7fba9b9c2000 r-xp 00006000 fe:01 787087                     /usr/lib/x86_64-linux-gnu/libpthread-2.28.so
7fba9b9c2000-7fba9b9c8000 r--p 00015000 fe:01 787087                     /usr/lib/x86_64-linux-gnu/libpthread-2.28.so
7fba9b9c8000-7fba9b9c9000 r--p 0001a000 fe:01 787087                     /usr/lib/x86_64-linux-gnu/libpthread-2.28.so
7fba9b9c9000-7fba9b9ca000 rw-p 0001b000 fe:01 787087                     /usr/lib/x86_64-linux-gnu/libpthread-2.28.so
7fba9b9ca000-7fba9b9ce000 rw-p 00000000 00:00 0 
7fba9b9ce000-7fba9b9ea000 r-xp 00000000 fe:01 788779                     /usr/lib/x86_64-linux-gnu/libz.so.1.2.11
7fba9b9ea000-7fba9bbea000 ---p 0001c000 fe:01 788779                     /usr/lib/x86_64-linux-gnu/libz.so.1.2.11
7fba9bbea000-7fba9bbeb000 r--p 0001c000 fe:01 788779                     /usr/lib/x86_64-linux-gnu/libz.so.1.2.11
7fba9bbeb000-7fba9bbec000 rw-p 0001d000 fe:01 788779                     /usr/lib/x86_64-linux-gnu/libz.so.1.2.11
7fba9bbf0000-7fba9bbf2000 r--s 00007000 fe:01 1184037                    /usr/share/java/java-atk-wrapper.jar
7fba9bbf2000-7fba9bbf3000 ---p 00000000 00:00 0 
7fba9bbf3000-7fba9bbf4000 r--p 00000000 00:00 0 
7fba9bbf4000-7fba9bbf6000 rw-p 00000000 00:00 0 
7fba9bbf6000-7fba9bbf7000 r--p 00000000 fe:01 786455                     /usr/lib/x86_64-linux-gnu/ld-2.28.so
7fba9bbf7000-7fba9bc15000 r-xp 00001000 fe:01 786455                     /usr/lib/x86_64-linux-gnu/ld-2.28.so
7fba9bc15000-7fba9bc1d000 r--p 0001f000 fe:01 786455                     /usr/lib/x86_64-linux-gnu/ld-2.28.so
7fba9bc1d000-7fba9bc1e000 r--p 00026000 fe:01 786455                     /usr/lib/x86_64-linux-gnu/ld-2.28.so
7fba9bc1e000-7fba9bc1f000 rw-p 00027000 fe:01 786455                     /usr/lib/x86_64-linux-gnu/ld-2.28.so
7fba9bc1f000-7fba9bc20000 rw-p 00000000 00:00 0 
7fffdb46d000-7fffdb48e000 rw-p 00000000 00:00 0                          [stack]
7fffdb49b000-7fffdb49e000 r--p 00000000 00:00 0                          [vvar]
7fffdb49e000-7fffdb4a0000 r-xp 00000000 00:00 0                          [vdso]


VM Arguments:
jvm_args: -Xmx2048M -Xms1024M 
java_command: server.jar nogui
java_class_path (initial): server.jar
Launcher Type: SUN_STANDARD

[Global flags]
     intx CICompilerCount                          = 2                                         {product} {ergonomic}
   size_t InitialHeapSize                          = 1073741824                                {product} {command line}
   size_t MaxHeapSize                              = 2147483648                                {product} {command line}
   size_t MaxNewSize                               = 715784192                                 {product} {ergonomic}
   size_t MinHeapDeltaBytes                        = 196608                                    {product} {ergonomic}
   size_t NewSize                                  = 357892096                                 {product} {ergonomic}
    uintx NonNMethodCodeHeapSize                   = 5825164                                {pd product} {ergonomic}
    uintx NonProfiledCodeHeapSize                  = 122916538                              {pd product} {ergonomic}
   size_t OldSize                                  = 715849728                                 {product} {ergonomic}
    uintx ProfiledCodeHeapSize                     = 122916538                              {pd product} {ergonomic}
    uintx ReservedCodeCacheSize                    = 251658240                              {pd product} {ergonomic}
     bool SegmentedCodeCache                       = true                                      {product} {ergonomic}
     bool UseCompressedClassPointers               = true                                 {lp64_product} {ergonomic}
     bool UseCompressedOops                        = true                                 {lp64_product} {ergonomic}
     bool UseSerialGC                              = true                                      {product} {ergonomic}

Logging:
Log output configuration:
 #0: stdout all=warning uptime,level,tags
 #1: stderr all=off uptime,level,tags

Environment Variables:
PATH=/usr/local/sbin:/usr/local/bin:/usr/sbin:/usr/bin:/sbin:/bin
SHELL=/bin/bash
LANG=en_US.UTF-8

Signal Handlers:
SIGSEGV: [libjvm.so+0xd469b0], sa_mask[0]=11111111011111111101111111111110, sa_flags=SA_RESTART|SA_SIGINFO
SIGBUS: [libjvm.so+0xd469b0], sa_mask[0]=11111111011111111101111111111110, sa_flags=SA_RESTART|SA_SIGINFO
SIGFPE: [libjvm.so+0xd469b0], sa_mask[0]=11111111011111111101111111111110, sa_flags=SA_RESTART|SA_SIGINFO
SIGPIPE: [libjvm.so+0xb48950], sa_mask[0]=11111111011111111101111111111110, sa_flags=SA_RESTART|SA_SIGINFO
SIGXFSZ: [libjvm.so+0xb48950], sa_mask[0]=11111111011111111101111111111110, sa_flags=SA_RESTART|SA_SIGINFO
SIGILL: [libjvm.so+0xd469b0], sa_mask[0]=11111111011111111101111111111110, sa_flags=SA_RESTART|SA_SIGINFO
SIGUSR2: [libjvm.so+0xb487e0], sa_mask[0]=00000000000000000000000000000000, sa_flags=SA_RESTART|SA_SIGINFO
SIGHUP: SIG_DFL, sa_mask[0]=00000000000000000000000000000000, sa_flags=none
SIGINT: SIG_DFL, sa_mask[0]=00000000000000000000000000000000, sa_flags=none
SIGTERM: SIG_DFL, sa_mask[0]=00000000000000000000000000000000, sa_flags=none
SIGQUIT: SIG_DFL, sa_mask[0]=00000000000000000000000000000000, sa_flags=none


---------------  S Y S T E M  ---------------

OS:PRETTY_NAME="Debian GNU/Linux 10 (buster)"
NAME="Debian GNU/Linux"
VERSION_ID="10"
VERSION="10 (buster)"
VERSION_CODENAME=buster
ID=debian
HOME_URL="https://www.debian.org/"
SUPPORT_URL="https://www.debian.org/support"
BUG_REPORT_URL="https://bugs.debian.org/"
uname:Linux 4.19.0-10-amd64 #1 SMP Debian 4.19.132-1 (2020-07-24) x86_64
OS uptime: 18 days 1:56 hours
libc:glibc 2.28 NPTL 2.28 
rlimit (soft/hard): STACK 8192k/infinity , CORE 0k/infinity , NPROC 7863/7863 , NOFILE 65535/65535 , AS infinity/infinity , CPU infinity/infinity , DATA infinity/infinity , FSIZE infinity/infinity , MEMLOCK 65536k/65536k
load average:0.35 0.30 0.28

/proc/meminfo:
MemTotal:        2043124 kB
MemFree:          103848 kB
MemAvailable:     466908 kB
Buffers:          127348 kB
Cached:           342652 kB
SwapCached:            0 kB
Active:          1714032 kB
Inactive:         118696 kB
Active(anon):    1362364 kB
Inactive(anon):      224 kB
Active(file):     351668 kB
Inactive(file):   118472 kB
Unevictable:           0 kB
Mlocked:               0 kB
SwapTotal:             0 kB
SwapFree:              0 kB
Dirty:                72 kB
Writeback:             0 kB
AnonPages:       1356012 kB
Mapped:            69776 kB
Shmem:               432 kB
Slab:              73604 kB
SReclaimable:      48892 kB
SUnreclaim:        24712 kB
KernelStack:        2620 kB
PageTables:         4836 kB
NFS_Unstable:          0 kB
Bounce:                0 kB
WritebackTmp:          0 kB
CommitLimit:     1021560 kB
Committed_AS:    2133820 kB
VmallocTotal:   34359738367 kB
VmallocUsed:           0 kB
VmallocChunk:          0 kB
Percpu:              384 kB
HardwareCorrupted:     0 kB
AnonHugePages:   1243136 kB
ShmemHugePages:        0 kB
ShmemPmdMapped:        0 kB
HugePages_Total:       0
HugePages_Free:        0
HugePages_Rsvd:        0
HugePages_Surp:        0
Hugepagesize:       2048 kB
Hugetlb:               0 kB
DirectMap4k:      112512 kB
DirectMap2M:     1984512 kB
DirectMap1G:           0 kB

/sys/kernel/mm/transparent_hugepage/enabled:
[always] madvise never
/sys/kernel/mm/transparent_hugepage/defrag (defrag/compaction efforts parameter):
always defer defer+madvise [madvise] never

/proc/sys/kernel/threads-max (system-wide limit on the number of threads):
15726
/proc/sys/vm/max_map_count (maximum number of memory map areas a process may have):
65530
/proc/sys/kernel/pid_max (system-wide limit on number of process identifiers):
32768

container (cgroup) information:
container_type: cgroupv1
cpu_cpuset_cpus: 0
cpu_memory_nodes: 0
active_processor_count: 1
cpu_quota: -1
cpu_period: 100000
cpu_shares: -1
memory_limit_in_bytes: -1
memory_and_swap_limit_in_bytes: -2
memory_soft_limit_in_bytes: -1
memory_usage_in_bytes: 17416192
memory_max_usage_in_bytes: 17416192

KVM virtualization detected
Steal ticks since vm start: 0
Steal ticks percentage since vm start:  0.000

CPU:total 1 (initial active 1) (1 cores per cpu, 2 threads per core) family 6 model 85 stepping 4, cmov, cx8, fxsr, mmx, sse, sse2, sse3, ssse3, sse4.1, sse4.2, popcnt, avx, avx2, aes, clmul, erms, rtm, 3dnowpref, lzcnt, ht, tsc, tscinvbit, bmi1, bmi2, adx, fma
CPU Model and flags from /proc/cpuinfo:
model name	: Intel(R) Xeon(R) Platinum 8163 CPU @ 2.50GHz
flags		: fpu vme de pse tsc msr pae mce cx8 apic sep mtrr pge mca cmov pat pse36 clflush mmx fxsr sse sse2 ss ht syscall nx pdpe1gb rdtscp lm constant_tsc rep_good nopl nonstop_tsc cpuid tsc_known_freq pni pclmulqdq ssse3 fma cx16 pcid sse4_1 sse4_2 x2apic movbe popcnt tsc_deadline_timer aes xsave avx f16c rdrand hypervisor lahf_lm abm 3dnowprefetch invpcid_single pti ibrs ibpb stibp fsgsbase tsc_adjust bmi1 hle avx2 smep bmi2 erms invpcid rtm mpx avx512f avx512dq rdseed adx smap avx512cd avx512bw avx512vl xsaveopt xsavec xgetbv1 arat
Online cpus:
0
Offline cpus:

BIOS frequency limitation:
<Not Available>
Frequency switch latency (ns):
<Not Available>
Available cpu frequencies:
<Not Available>
Current governor:
<Not Available>
Core performance/turbo boost:
<Not Available>

Memory: 4k page, physical 2043124k(103848k free), swap 0k(0k free)

vm_info: OpenJDK 64-Bit Server VM (11.0.9+11-post-Debian-1deb10u1) for linux-amd64 JRE (11.0.9+11-post-Debian-1deb10u1), built on Oct 22 2020 14:49:15 by "unknown" with gcc 8.3.0

END.
