[22:50:37] [main/INFO]: Environment: authHost='https://authserver.mojang.com', accountsHost='https://api.mojang.com', sessionHost='https://sessionserver.mojang.com', name='PROD'
[22:50:38] [main/WARN]: Couldn't get pack info for: abj: 'pack.mcmeta' in ResourcePack './world/datapacks/TKLDataPack (2).zip'
[22:50:39] [main/WARN]: Ambiguity between arguments [teleport, destination] and [teleport, targets] with inputs: [Player, 0123, @e, dd12be42-52a9-4a91-a8a1-11c01849e498]
[22:50:39] [main/WARN]: Ambiguity between arguments [teleport, location] and [teleport, destination] with inputs: [0.1 -0.5 .9, 0 0 0]
[22:50:39] [main/WARN]: Ambiguity between arguments [teleport, location] and [teleport, targets] with inputs: [0.1 -0.5 .9, 0 0 0]
[22:50:39] [main/WARN]: Ambiguity between arguments [teleport, targets] and [teleport, destination] with inputs: [Player, 0123, dd12be42-52a9-4a91-a8a1-11c01849e498]
[22:50:39] [main/WARN]: Ambiguity between arguments [teleport, targets, location] and [teleport, targets, destination] with inputs: [0.1 -0.5 .9, 0 0 0]
[22:50:39] [main/INFO]: Reloading ResourceManager: Default, bukkit, TKLDataPack
[22:50:42] [Worker-Main-2/INFO]: Loaded 7 recipes
[22:50:42] [Worker-Main-2/INFO]: Loaded 927 advancements
[22:50:45] [Server thread/INFO]: Starting minecraft server version 1.16.3
[22:50:45] [Server thread/INFO]: Loading properties
[22:50:45] [Server thread/INFO]: Default game type: SURVIVAL
[22:50:45] [Server thread/INFO]: Generating keypair
[22:50:46] [Server thread/INFO]: Starting Minecraft server on *:25565
[22:50:46] [Server thread/INFO]: Using epoll channel type
[22:50:47] [Server thread/INFO]: Preparing level "world"
[22:50:47] [Server thread/INFO]: Preparing start region for dimension minecraft:overworld
[22:50:48] [Server thread/INFO]: Preparing spawn area: 0%
[22:50:48] [Server thread/INFO]: Preparing spawn area: 0%
[22:50:48] [Server thread/INFO]: Preparing spawn area: 0%
[22:50:48] [Server thread/INFO]: Preparing spawn area: 0%
[22:50:49] [Server thread/INFO]: Preparing spawn area: 8%
[22:50:50] [Server thread/INFO]: Time elapsed: 3113 ms
[22:50:50] [Server thread/INFO]: Done (3.338s)! For help, type "help"
[22:51:19] [User Authenticator #1/INFO]: UUID of player sbsb233 is 48c8408f-9baf-44f2-a8a0-602130bafd22
[22:51:19] [Server thread/INFO]: sbsb233[/58.101.214.55:56498] logged in with entity id 72 at (121.27244879845541, 59.0, 13.370223132385464)
[22:51:19] [Server thread/INFO]: sbsb233 joined the game
[22:51:45] [User Authenticator #2/INFO]: UUID of player Till_Ed is 69c7438b-a1a3-488b-9473-186039875c99
[22:51:45] [Server thread/INFO]: Till_Ed[/58.101.39.156:1639] logged in with entity id 182 at (118.88521811521932, 59.0, 11.841456698424777)
[22:51:45] [Server thread/INFO]: Till_Ed joined the game
[22:56:02] [Server thread/INFO]: [Till_Ed: Gave 1 [Kitsune_0's Head] to Till_Ed]
[22:58:08] [Server thread/INFO]: [Till_Ed: Teleported Till_Ed to sbsb233]
[23:14:52] [Server thread/INFO]: [sbsb233: Gave 10 [Ladder] to sbsb233]
[23:15:00] [Server thread/INFO]: [sbsb233: Set own game mode to Survival Mode]
[23:15:10] [Server thread/INFO]: [sbsb233: Set own game mode to Adventure Mode]
[23:15:13] [Server thread/INFO]: [sbsb233: Removed 5 items from player sbsb233]
[23:21:08] [Server thread/INFO]: [sbsb233: Set own game mode to Creative Mode]
[23:21:12] [Server thread/INFO]: [sbsb233: Set own game mode to Survival Mode]
[23:26:11] [Server thread/INFO]: [sbsb233: Set own game mode to Adventure Mode]
[23:33:53] [Server thread/INFO]: [sbsb233: Teleported sbsb233 to Till_Ed]
[23:35:11] [Server thread/INFO]: [Till_Ed: Set own game mode to Spectator Mode]
[23:35:37] [Server thread/INFO]: [Till_Ed: Set own game mode to Adventure Mode]
[23:37:44] [Server thread/INFO]: [sbsb233: Set own game mode to Creative Mode]
[23:38:17] [Server thread/INFO]: sbsb233 lost connection: Disconnected
[23:38:17] [Server thread/INFO]: sbsb233 left the game
[23:38:56] [Server thread/INFO]: Till_Ed lost connection: Disconnected
[23:38:56] [Server thread/INFO]: Till_Ed left the game
[23:39:03] [Server thread/INFO]: Stopping the server
[23:39:03] [Server thread/INFO]: Stopping server
[23:39:03] [Server thread/INFO]: Saving players
[23:39:03] [Server thread/INFO]: Saving worlds
[23:39:03] [Server thread/INFO]: Saving chunks for level 'ServerLevel[The Kitatcho Laboratories]'/minecraft:overworld
[23:39:04] [Server thread/INFO]: ThreadedAnvilChunkStorage (world): All chunks are saved
[23:39:04] [Server thread/INFO]: Saving chunks for level 'ServerLevel[The Kitatcho Laboratories]'/minecraft:the_nether
[23:39:04] [Server thread/INFO]: ThreadedAnvilChunkStorage (DIM-1): All chunks are saved
[23:39:04] [Server thread/INFO]: Saving chunks for level 'ServerLevel[The Kitatcho Laboratories]'/minecraft:the_end
[23:39:04] [Server thread/INFO]: ThreadedAnvilChunkStorage (DIM1): All chunks are saved
[23:39:04] [Server thread/INFO]: ThreadedAnvilChunkStorage (world): All chunks are saved
[23:39:04] [Server thread/INFO]: ThreadedAnvilChunkStorage (DIM-1): All chunks are saved
[23:39:04] [Server thread/INFO]: ThreadedAnvilChunkStorage (DIM1): All chunks are saved
